<?xml version="1.0" encoding="UTF-8"?>
<testsuite xmlns:xsi="http://www.w3.org/2001/XMLSchema-instance" xsi:noNamespaceSchemaLocation="https://maven.apache.org/surefire/maven-surefire-plugin/xsd/surefire-test-report-3.0.xsd" version="3.0" name="com.sendemail.email.EmailApplicationTests" time="2.758" tests="1" errors="0" skipped="0" failures="0">
  <properties>
[...]
</properties>
  <testcase name="contextLoads" classname="com.sendemail.email.EmailApplicationTests" time="0.762">
    <system-out><![CDATA[16:35:00.084 [main] INFO org.springframework.test.context.support.AnnotationConfigContextLoaderUtils -- Could not detect default configuration classes for test class [com.sendemail.email.EmailApplicationTests]: EmailApplicationTests does not declare any static, non-private, non-final, nested classes annotated with @Configuration.
16:35:00.199 [main] INFO org.springframework.boot.test.context.SpringBootTestContextBootstrapper -- Found @SpringBootConfiguration com.sendemail.email.EmailApplication for test class com.sendemail.email.EmailApplicationTests
16:35:00.386 [main] INFO org.springframework.boot.devtools.restart.RestartApplicationListener -- Restart disabled due to context in which it is running

 _____            _              ______             _     _____                _   _____                _ _
/  ___|          (_)             | ___ \           | |   /  ___|              | | |  ___|              (_) |
\ `--. _ __  _ __ _ _ __   __ _  | |_/ / ___   ___ | |_  \ `--.  ___ _ __   __| | | |__ _ __ ___   __ _ _| |
 `--. \ '_ \| '__| | '_ \ / _` | | ___ \/ _ \ / _ \| __|  `--. \/ _ \ '_ \ / _` | |  __| '_ ` _ \ / _` | | |
/\__/ / |_) | |  | | | | | (_| | | |_/ / (_) | (_) | |_  /\__/ /  __/ | | | (_| | | |__| | | | | | (_| | | |
\____/| .__/|_|  |_|_| |_|\__, | \____/ \___/ \___/ \__| \____/ \___|_| |_|\__,_| \____/_| |_| |_|\__,_|_|_|
      | |                  __/ |
      |_|                 |___/
2024-06-04T16:35:00.655-03:00  INFO 2452 --- [email] [           main] c.sendemail.email.EmailApplicationTests  : Starting EmailApplicationTests using Java 19.0.1 with PID 2452 (started by david in C:\Users\david\Documents\BackEnd´s\email)
2024-06-04T16:35:00.657-03:00  INFO 2452 --- [email] [           main] c.sendemail.email.EmailApplicationTests  : No active profile set, falling back to 1 default profile: "default"
2024-06-04T16:35:01.831-03:00  WARN 2452 --- [email] [           main] ion$DefaultTemplateResolverConfiguration : Cannot find template location: classpath:/templates/ (please add some templates, check your Thymeleaf configuration, or set spring.thymeleaf.check-template-location=false)
2024-06-04T16:35:01.876-03:00  INFO 2452 --- [email] [           main] c.sendemail.email.EmailApplicationTests  : Started EmailApplicationTests in 1.507 seconds (process running for 2.588)
]]></system-out>
  </testcase>
</testsuite>